<testsuite errors="0" failures="0" tests="4" skipped="0" name="org.apache.solr.update.TestUpdate" hostname="nohost.nodomain" time="1.334" timestamp="2018-10-26T02:47:21">
   <properties class="java.util.ArrayList">
      <property name="awt.toolkit" value="sun.awt.X11.XToolkit"/>
      <property name="clover.db.dir" value="/code/starburst/lucene/build/clover/db"/>
      <property name="common.dir" value="/code/starburst/lucene"/>
      <property name="file.encoding" value="UTF-8"/>
      <property name="file.encoding.pkg" value="sun.io"/>
      <property name="file.separator" value="/"/>
      <property name="java.awt.graphicsenv" value="sun.awt.X11GraphicsEnvironment"/>
      <property name="java.awt.headless" value="true"/>
      <property name="java.awt.printerjob" value="sun.print.PSPrinterJob"/>
      <property name="java.class.path" value="/code/starburst/solr/build/solr-core/classes/test:/code/starburst/solr/build/solr-test-framework/classes/java:/code/starburst/solr/test-framework/lib/affinity-3.1.7.jar:/code/starburst/solr/test-framework/lib/chronicle-core-1.15.1.jar:/code/starburst/solr/test-framework/lib/chronicle-threads-1.15.1.jar:/code/starburst/solr/test-framework/lib/jna-4.5.1.jar:/code/starburst/solr/test-framework/lib/junit4-ant-2.6.0.jar:/code/starburst/solr/core/src/test-files:/code/starburst/lucene/build/test-framework/classes/java:/code/starburst/lucene/build/codecs/classes/java:/code/starburst/solr/build/solr-solrj/classes/java:/code/starburst/solr/build/solr-core/classes/java:/code/starburst/lucene/build/analysis/common/lucene-analyzers-common-8.0.0-SNAPSHOT.jar:/code/starburst/lucene/build/analysis/kuromoji/lucene-analyzers-kuromoji-8.0.0-SNAPSHOT.jar:/code/starburst/lucene/build/analysis/phonetic/lucene-analyzers-phonetic-8.0.0-SNAPSHOT.jar:/code/starburst/lucene/build/codecs/lucene-codecs-8.0.0-SNAPSHOT.jar:/code/starburst/lucene/build/backward-codecs/lucene-backward-codecs-8.0.0-SNAPSHOT.jar:/code/starburst/lucene/build/highlighter/lucene-highlighter-8.0.0-SNAPSHOT.jar:/code/starburst/lucene/build/memory/lucene-memory-8.0.0-SNAPSHOT.jar:/code/starburst/lucene/build/misc/lucene-misc-8.0.0-SNAPSHOT.jar:/code/starburst/lucene/build/spatial-extras/lucene-spatial-extras-8.0.0-SNAPSHOT.jar:/code/starburst/lucene/build/spatial3d/lucene-spatial3d-8.0.0-SNAPSHOT.jar:/code/starburst/lucene/build/expressions/lucene-expressions-8.0.0-SNAPSHOT.jar:/code/starburst/lucene/build/suggest/lucene-suggest-8.0.0-SNAPSHOT.jar:/code/starburst/lucene/build/grouping/lucene-grouping-8.0.0-SNAPSHOT.jar:/code/starburst/lucene/build/queries/lucene-queries-8.0.0-SNAPSHOT.jar:/code/starburst/lucene/build/queryparser/lucene-queryparser-8.0.0-SNAPSHOT.jar:/code/starburst/lucene/build/join/lucene-join-8.0.0-SNAPSHOT.jar:/code/starburst/lucene/build/sandbox/lucene-sandbox-8.0.0-SNAPSHOT.jar:/code/starburst/lucene/build/classification/lucene-classification-8.0.0-SNAPSHOT.jar:/code/starburst/solr/core/lib/antlr4-runtime-4.5.1-1.jar:/code/starburst/solr/core/lib/asm-5.1.jar:/code/starburst/solr/core/lib/asm-commons-5.1.jar:/code/starburst/solr/core/lib/avatica-core-1.10.0.jar:/code/starburst/solr/core/lib/caffeine-2.4.0.jar:/code/starburst/solr/core/lib/calcite-core-1.13.0.jar:/code/starburst/solr/core/lib/calcite-linq4j-1.13.0.jar:/code/starburst/solr/core/lib/commons-cli-1.2.jar:/code/starburst/solr/core/lib/commons-codec-1.10.jar:/code/starburst/solr/core/lib/commons-collections-3.2.2.jar:/code/starburst/solr/core/lib/commons-compiler-2.7.6.jar:/code/starburst/solr/core/lib/commons-configuration-1.6.jar:/code/starburst/solr/core/lib/commons-exec-1.3.jar:/code/starburst/solr/core/lib/commons-fileupload-1.3.3.jar:/code/starburst/solr/core/lib/commons-io-2.5.jar:/code/starburst/solr/core/lib/commons-lang-2.6.jar:/code/starburst/solr/core/lib/commons-lang3-3.6.jar:/code/starburst/solr/core/lib/conscrypt-openjdk-uber-1.1.3.jar:/code/starburst/solr/core/lib/curator-client-2.8.0.jar:/code/starburst/solr/core/lib/curator-framework-2.8.0.jar:/code/starburst/solr/core/lib/curator-recipes-2.8.0.jar:/code/starburst/solr/core/lib/disruptor-3.4.0.jar:/code/starburst/solr/core/lib/dom4j-1.6.1.jar:/code/starburst/solr/core/lib/eigenbase-properties-1.1.5.jar:/code/starburst/solr/core/lib/guava-14.0.1.jar:/code/starburst/solr/core/lib/hadoop-annotations-2.7.4.jar:/code/starburst/solr/core/lib/hadoop-auth-2.7.4.jar:/code/starburst/solr/core/lib/hadoop-common-2.7.4.jar:/code/starburst/solr/core/lib/hadoop-hdfs-2.7.4.jar:/code/starburst/solr/core/lib/hppc-0.8.1.jar:/code/starburst/solr/core/lib/htrace-core-3.2.0-incubating.jar:/code/starburst/solr/core/lib/jackson-annotations-2.9.5.jar:/code/starburst/solr/core/lib/jackson-core-2.9.5.jar:/code/starburst/solr/core/lib/jackson-core-asl-1.9.13.jar:/code/starburst/solr/core/lib/jackson-databind-2.9.5.jar:/code/starburst/solr/core/lib/jackson-dataformat-smile-2.9.5.jar:/code/starburst/solr/core/lib/jackson-mapper-asl-1.9.13.jar:/code/starburst/solr/core/lib/janino-2.7.6.jar:/code/starburst/solr/core/lib/jcl-over-slf4j-1.7.24.jar:/code/starburst/solr/core/lib/joda-time-2.2.jar:/code/starburst/solr/core/lib/log4j-1.2-api-2.11.0.jar:/code/starburst/solr/core/lib/log4j-api-2.11.0.jar:/code/starburst/solr/core/lib/log4j-core-2.11.0.jar:/code/starburst/solr/core/lib/log4j-slf4j-impl-2.11.0.jar:/code/starburst/solr/core/lib/org.restlet-2.3.0.jar:/code/starburst/solr/core/lib/org.restlet.ext.servlet-2.3.0.jar:/code/starburst/solr/core/lib/protobuf-java-3.1.0.jar:/code/starburst/solr/core/lib/rrd4j-3.2.jar:/code/starburst/solr/core/lib/spatial4j-0.7.jar:/code/starburst/solr/core/lib/t-digest-3.1.jar:/code/starburst/solr/solrj/lib/commons-io-2.5.jar:/code/starburst/solr/solrj/lib/commons-math3-3.6.1.jar:/code/starburst/solr/solrj/lib/conscrypt-openjdk-uber-1.1.3.jar:/code/starburst/solr/solrj/lib/http2-client-9.4.10.v20180503.jar:/code/starburst/solr/solrj/lib/http2-common-9.4.10.v20180503.jar:/code/starburst/solr/solrj/lib/http2-hpack-9.4.10.v20180503.jar:/code/starburst/solr/solrj/lib/http2-http-client-transport-9.4.10.v20180503.jar:/code/starburst/solr/solrj/lib/httpclient-4.5.3.jar:/code/starburst/solr/solrj/lib/httpcore-4.4.6.jar:/code/starburst/solr/solrj/lib/httpmime-4.5.3.jar:/code/starburst/solr/solrj/lib/jcl-over-slf4j-1.7.24.jar:/code/starburst/solr/solrj/lib/jetty-alpn-client-9.4.10.v20180503.jar:/code/starburst/solr/solrj/lib/jetty-alpn-conscrypt-client-9.4.10.v20180503.jar:/code/starburst/solr/solrj/lib/jetty-client-9.4.10.v20180503.jar:/code/starburst/solr/solrj/lib/jetty-http-9.4.10.v20180503.jar:/code/starburst/solr/solrj/lib/jetty-io-9.4.10.v20180503.jar:/code/starburst/solr/solrj/lib/jetty-util-9.4.10.v20180503.jar:/code/starburst/solr/solrj/lib/noggit-0.8.jar:/code/starburst/solr/solrj/lib/slf4j-api-1.7.24.jar:/code/starburst/solr/solrj/lib/stax2-api-3.1.4.jar:/code/starburst/solr/solrj/lib/woodstox-core-asl-4.4.1.jar:/code/starburst/solr/solrj/lib/zookeeper-3.4.11.jar:/code/starburst/solr/server/lib/gmetric4j-1.0.7.jar:/code/starburst/solr/server/lib/http2-common-9.4.10.v20180503.jar:/code/starburst/solr/server/lib/http2-server-9.4.10.v20180503.jar:/code/starburst/solr/server/lib/javax.servlet-api-3.1.0.jar:/code/starburst/solr/server/lib/jetty-alpn-conscrypt-server-9.4.10.v20180503.jar:/code/starburst/solr/server/lib/jetty-alpn-server-9.4.10.v20180503.jar:/code/starburst/solr/server/lib/jetty-continuation-9.4.10.v20180503.jar:/code/starburst/solr/server/lib/jetty-deploy-9.4.10.v20180503.jar:/code/starburst/solr/server/lib/jetty-http-9.4.10.v20180503.jar:/code/starburst/solr/server/lib/jetty-io-9.4.10.v20180503.jar:/code/starburst/solr/server/lib/jetty-jmx-9.4.10.v20180503.jar:/code/starburst/solr/server/lib/jetty-proxy-9.4.10.v20180503.jar:/code/starburst/solr/server/lib/jetty-rewrite-9.4.10.v20180503.jar:/code/starburst/solr/server/lib/jetty-security-9.4.10.v20180503.jar:/code/starburst/solr/server/lib/jetty-server-9.4.10.v20180503.jar:/code/starburst/solr/server/lib/jetty-servlet-9.4.10.v20180503.jar:/code/starburst/solr/server/lib/jetty-servlets-9.4.10.v20180503.jar:/code/starburst/solr/server/lib/jetty-util-9.4.10.v20180503.jar:/code/starburst/solr/server/lib/jetty-webapp-9.4.10.v20180503.jar:/code/starburst/solr/server/lib/jetty-xml-9.4.10.v20180503.jar:/code/starburst/solr/server/lib/metrics-core-3.2.6.jar:/code/starburst/solr/server/lib/metrics-ganglia-3.2.6.jar:/code/starburst/solr/server/lib/metrics-graphite-3.2.6.jar:/code/starburst/solr/server/lib/metrics-jetty9-3.2.6.jar:/code/starburst/solr/server/lib/metrics-jvm-3.2.6.jar:/code/starburst/solr/example/example-DIH/solr/db/lib/derby-10.9.1.0.jar:/code/starburst/solr/example/example-DIH/solr/db/lib/hsqldb-2.4.0.jar:/code/starburst/lucene/build/core/classes/java:/code/starburst/lucene/test-framework/lib/junit-4.10.jar:/code/starburst/lucene/test-framework/lib/randomizedtesting-runner-2.6.0.jar:/code/starburst/solr/core/test-lib/antlr-2.7.7.jar:/code/starburst/solr/core/test-lib/antlr4-runtime-4.5.1-1.jar:/code/starburst/solr/core/test-lib/apacheds-core-2.0.0-M15.jar:/code/starburst/solr/core/test-lib/apacheds-core-api-2.0.0-M15.jar:/code/starburst/solr/core/test-lib/apacheds-core-avl-2.0.0-M15.jar:/code/starburst/solr/core/test-lib/apacheds-core-shared-2.0.0-M15.jar:/code/starburst/solr/core/test-lib/apacheds-i18n-2.0.0-M15.jar:/code/starburst/solr/core/test-lib/apacheds-interceptor-kerberos-2.0.0-M15.jar:/code/starburst/solr/core/test-lib/apacheds-interceptors-admin-2.0.0-M15.jar:/code/starburst/solr/core/test-lib/apacheds-interceptors-authn-2.0.0-M15.jar:/code/starburst/solr/core/test-lib/apacheds-interceptors-authz-2.0.0-M15.jar:/code/starburst/solr/core/test-lib/apacheds-interceptors-changelog-2.0.0-M15.jar:/code/starburst/solr/core/test-lib/apacheds-interceptors-collective-2.0.0-M15.jar:/code/starburst/solr/core/test-lib/apacheds-interceptors-event-2.0.0-M15.jar:/code/starburst/solr/core/test-lib/apacheds-interceptors-exception-2.0.0-M15.jar:/code/starburst/solr/core/test-lib/apacheds-interceptors-journal-2.0.0-M15.jar:/code/starburst/solr/core/test-lib/apacheds-interceptors-normalization-2.0.0-M15.jar:/code/starburst/solr/core/test-lib/apacheds-interceptors-operational-2.0.0-M15.jar:/code/starburst/solr/core/test-lib/apacheds-interceptors-referral-2.0.0-M15.jar:/code/starburst/solr/core/test-lib/apacheds-interceptors-schema-2.0.0-M15.jar:/code/starburst/solr/core/test-lib/apacheds-interceptors-subtree-2.0.0-M15.jar:/code/starburst/solr/core/test-lib/apacheds-interceptors-trigger-2.0.0-M15.jar:/code/starburst/solr/core/test-lib/apacheds-jdbm-partition-2.0.0-M15.jar:/code/starburst/solr/core/test-lib/apacheds-jdbm1-2.0.0-M2.jar:/code/starburst/solr/core/test-lib/apacheds-kerberos-codec-2.0.0-M15.jar:/code/starburst/solr/core/test-lib/apacheds-ldif-partition-2.0.0-M15.jar:/code/starburst/solr/core/test-lib/apacheds-mavibot-partition-2.0.0-M15.jar:/code/starburst/solr/core/test-lib/apacheds-protocol-kerberos-2.0.0-M15.jar:/code/starburst/solr/core/test-lib/apacheds-protocol-ldap-2.0.0-M15.jar:/code/starburst/solr/core/test-lib/apacheds-protocol-shared-2.0.0-M15.jar:/code/starburst/solr/core/test-lib/apacheds-xdbm-partition-2.0.0-M15.jar:/code/starburst/solr/core/test-lib/api-all-1.0.0-M20.jar:/code/starburst/solr/core/test-lib/bcprov-jdk15on-1.54.jar:/code/starburst/solr/core/test-lib/byte-buddy-1.6.2.jar:/code/starburst/solr/core/test-lib/commons-collections-3.2.2.jar:/code/starburst/solr/core/test-lib/commons-math3-3.6.1.jar:/code/starburst/solr/core/test-lib/ehcache-core-2.4.4.jar:/code/starburst/solr/core/test-lib/hadoop-common-2.7.4-tests.jar:/code/starburst/solr/core/test-lib/hadoop-hdfs-2.7.4-tests.jar:/code/starburst/solr/core/test-lib/hadoop-minikdc-2.7.4.jar:/code/starburst/solr/core/test-lib/htrace-core-3.2.0-incubating.jar:/code/starburst/solr/core/test-lib/jersey-core-1.9.jar:/code/starburst/solr/core/test-lib/jersey-server-1.9.jar:/code/starburst/solr/core/test-lib/jetty-6.1.26.jar:/code/starburst/solr/core/test-lib/jetty-sslengine-6.1.26.jar:/code/starburst/solr/core/test-lib/jetty-util-6.1.26.jar:/code/starburst/solr/core/test-lib/mina-core-2.0.0-M5.jar:/code/starburst/solr/core/test-lib/mockito-core-2.6.2.jar:/code/starburst/solr/core/test-lib/netty-all-4.0.36.Final.jar:/code/starburst/solr/core/test-lib/objenesis-2.5.jar:/code/starburst/lucene/build/analysis/icu/lucene-analyzers-icu-8.0.0-SNAPSHOT.jar:/code/starburst/solr/build/contrib/solr-analysis-extras/classes/java:/code/starburst/lucene/build/queryparser/classes/test:/code/starburst/lucene/build/backward-codecs/classes/test:/code/starburst/solr/contrib/analysis-extras/lib/icu4j-61.1.jar:/opt/ant/lib/ant-launcher.jar:/home/builder/.ant/lib/ivy-2.4.0.jar:/opt/ant/lib/ant-javamail.jar:/opt/ant/lib/ant-jsch.jar:/opt/ant/lib/ant-jdepend.jar:/opt/ant/lib/ant-testutil.jar:/opt/ant/lib/ant-jmf.jar:/opt/ant/lib/ant-junit4.jar:/opt/ant/lib/ant-apache-bcel.jar:/opt/ant/lib/ant.jar:/opt/ant/lib/ant-netrexx.jar:/opt/ant/lib/ant-commons-net.jar:/opt/ant/lib/ant-jai.jar:/opt/ant/lib/ant-junit.jar:/opt/ant/lib/ant-apache-regexp.jar:/opt/ant/lib/ant-swing.jar:/opt/ant/lib/ant-apache-log4j.jar:/opt/ant/lib/ant-apache-xalan2.jar:/opt/ant/lib/ant-antlr.jar:/opt/ant/lib/ant-apache-resolver.jar:/opt/ant/lib/ant-apache-oro.jar:/opt/ant/lib/ant-apache-bsf.jar:/opt/ant/lib/ant-commons-logging.jar:/usr/local/java/jdk1.8.0_162/lib/tools.jar:/home/builder/.ivy2/cache/com.carrotsearch.randomizedtesting/junit4-ant/jars/junit4-ant-2.6.0.jar"/>
      <property name="java.class.version" value="52.0"/>
      <property name="java.endorsed.dirs" value="/usr/local/java/jdk1.8.0_162/jre/lib/endorsed"/>
      <property name="java.ext.dirs" value="/usr/local/java/jdk1.8.0_162/jre/lib/ext:/usr/java/packages/lib/ext"/>
      <property name="java.home" value="/usr/local/java/jdk1.8.0_162/jre"/>
      <property name="java.io.tmpdir" value="./temp"/>
      <property name="java.library.path" value="/usr/java/packages/lib/amd64:/usr/lib64:/lib64:/lib:/usr/lib"/>
      <property name="java.runtime.name" value="Java(TM) SE Runtime Environment"/>
      <property name="java.runtime.version" value="1.8.0_162-b12"/>
      <property name="java.security.egd" value="file:/dev/./urandom"/>
      <property name="java.security.manager" value="org.apache.lucene.util.TestSecurityManager"/>
      <property name="java.security.policy" value="/code/starburst/lucene/tools/junit4/solr-tests.policy"/>
      <property name="java.specification.name" value="Java Platform API Specification"/>
      <property name="java.specification.vendor" value="Oracle Corporation"/>
      <property name="java.specification.version" value="1.8"/>
      <property name="java.util.logging.config.file" value="/code/starburst/lucene/tools/junit4/logging.properties"/>
      <property name="java.vendor" value="Oracle Corporation"/>
      <property name="java.vendor.url" value="http://java.oracle.com/"/>
      <property name="java.vendor.url.bug" value="http://bugreport.sun.com/bugreport/"/>
      <property name="java.version" value="1.8.0_162"/>
      <property name="java.vm.info" value="mixed mode"/>
      <property name="java.vm.name" value="Java HotSpot(TM) 64-Bit Server VM"/>
      <property name="java.vm.specification.name" value="Java Virtual Machine Specification"/>
      <property name="java.vm.specification.vendor" value="Oracle Corporation"/>
      <property name="java.vm.specification.version" value="1.8"/>
      <property name="java.vm.vendor" value="Oracle Corporation"/>
      <property name="java.vm.version" value="25.162-b12"/>
      <property name="jdk.map.althashing.threshold" value="0"/>
      <property name="jetty.insecurerandom" value="1"/>
      <property name="jetty.testMode" value="1"/>
      <property name="junit4.childvm.count" value="4"/>
      <property name="junit4.childvm.cwd" value="/code/starburst/solr/build/solr-core/test/J1"/>
      <property name="junit4.childvm.id" value="1"/>
      <property name="junit4.memory.total" value="514850816"/>
      <property name="junit4.pidString" value="669@3f1999ad886d"/>
      <property name="junit4.processors" value="9"/>
      <property name="junit4.tempDir" value="/code/starburst/solr/build/solr-core/test/temp"/>
      <property name="line.separator" value="
"/>
      <property name="log4j2.contextSelector" value="org.apache.logging.log4j.core.async.AsyncLoggerContextSelector"/>
      <property name="os.arch" value="amd64"/>
      <property name="os.name" value="Linux"/>
      <property name="os.version" value="4.17.8-42.el6pie"/>
      <property name="path.separator" value=":"/>
      <property name="solr.directoryFactory" value="org.apache.solr.core.MockDirectoryFactory"/>
      <property name="sun.arch.data.model" value="64"/>
      <property name="sun.boot.class.path" value="/usr/local/java/jdk1.8.0_162/jre/lib/resources.jar:/usr/local/java/jdk1.8.0_162/jre/lib/rt.jar:/usr/local/java/jdk1.8.0_162/jre/lib/sunrsasign.jar:/usr/local/java/jdk1.8.0_162/jre/lib/jsse.jar:/usr/local/java/jdk1.8.0_162/jre/lib/jce.jar:/usr/local/java/jdk1.8.0_162/jre/lib/charsets.jar:/usr/local/java/jdk1.8.0_162/jre/lib/jfr.jar:/usr/local/java/jdk1.8.0_162/jre/classes"/>
      <property name="sun.boot.library.path" value="/usr/local/java/jdk1.8.0_162/jre/lib/amd64"/>
      <property name="sun.cpu.endian" value="little"/>
      <property name="sun.cpu.isalist" value=""/>
      <property name="sun.io.unicode.encoding" value="UnicodeLittle"/>
      <property name="sun.java.command" value="com.carrotsearch.ant.tasks.junit4.slave.SlaveMainSafe -eventsfile /code/starburst/solr/build/solr-core/test/temp/junit4-J1-20181026_024710_2007130653649740803601.events @/code/starburst/solr/build/solr-core/test/temp/junit4-J1-20181026_024710_2005550239110688236733.suites -stdin"/>
      <property name="sun.java.launcher" value="SUN_STANDARD"/>
      <property name="sun.jnu.encoding" value="UTF-8"/>
      <property name="sun.management.compiler" value="HotSpot 64-Bit Tiered Compilers"/>
      <property name="sun.os.patch.level" value="unknown"/>
      <property name="tempDir" value="./temp"/>
      <property name="tests.LUCENE_VERSION" value="8.0.0"/>
      <property name="tests.asserts" value="true"/>
      <property name="tests.cleanthreads" value="perClass"/>
      <property name="tests.codec" value="random"/>
      <property name="tests.directory" value="random"/>
      <property name="tests.docvaluesformat" value="random"/>
      <property name="tests.filterstacks" value="true"/>
      <property name="tests.infostream" value="false"/>
      <property name="tests.iters" value="2"/>
      <property name="tests.leaveTemporary" value="false"/>
      <property name="tests.linedocsfile" value="europarl.lines.txt.gz"/>
      <property name="tests.locale" value="random"/>
      <property name="tests.luceneMatchVersion" value="8.0.0"/>
      <property name="tests.monster" value="false"/>
      <property name="tests.multiplier" value="1"/>
      <property name="tests.nightly" value="false"/>
      <property name="tests.postingsformat" value="random"/>
      <property name="tests.prefix" value="tests"/>
      <property name="tests.seed" value="B8C1D8FD24B97373"/>
      <property name="tests.slow" value="true"/>
      <property name="tests.src.home" value="/code/starburst/solr/core"/>
      <property name="tests.timezone" value="random"/>
      <property name="tests.verbose" value="false"/>
      <property name="tests.weekly" value="false"/>
      <property name="user.country" value="US"/>
      <property name="user.dir" value="/code/starburst/solr/build/solr-core/test/J1"/>
      <property name="user.home" value="/home/builder"/>
      <property name="user.language" value="en"/>
      <property name="user.name" value="builder"/>
      <property name="user.timezone" value=""/>
   </properties>
   <testcase classname="org.apache.solr.update.TestUpdate" name="testUpdatableDocs {seed=[B8C1D8FD24B97373:198FC891AD1F4E9]}" time="0.316"/>
   <testcase classname="org.apache.solr.update.TestUpdate" name="testUpdatableDocs {seed=[B8C1D8FD24B97373:B5CE40752E133FC5]}" time="0.225"/>
   <testcase classname="org.apache.solr.update.TestUpdate" name="testUpdateLogThrowsForUnknownTypes {seed=[B8C1D8FD24B97373:D89E5657DFCDF3D0]}" time="0.01"/>
   <testcase classname="org.apache.solr.update.TestUpdate" name="testUpdateLogThrowsForUnknownTypes {seed=[B8C1D8FD24B97373:6CC8EAABEB0F38FC]}" time="0.003"/>
   <system-out><![CDATA[]]></system-out>
   <system-err><![CDATA[]]></system-err>
</testsuite>